<?xml version="1.0" encoding="UTF-8" ?>
<testsuite tests="2" failures="0" name="JunitTest" time="0.235" errors="1" skipped="0">
  <properties>
[...]
</properties>
  <testcase classname="JunitTest" name="testName2" time="0.218"/>
  <testcase classname="JunitTest" name="testName" time="0.017">
    <error message="nested exception is org.apache.ibatis.builder.BuilderException: Error evaluating expression &apos;ew.user_id!=null&apos;. Cause: org.apache.ibatis.ognl.NoSuchPropertyException: com.blog.entity.UserEntity.user_id" type="org.mybatis.spring.MyBatisSystemException">org.mybatis.spring.MyBatisSystemException: nested exception is org.apache.ibatis.builder.BuilderException: Error evaluating expression &apos;ew.user_id!=null&apos;. Cause: org.apache.ibatis.ognl.NoSuchPropertyException: com.blog.entity.UserEntity.user_id
	at org.mybatis.spring.MyBatisExceptionTranslator.translateExceptionIfPossible(MyBatisExceptionTranslator.java:77)
	at org.mybatis.spring.SqlSessionTemplate$SqlSessionInterceptor.invoke(SqlSessionTemplate.java:446)
	at com.sun.proxy.$Proxy22.selectOne(Unknown Source)
	at org.mybatis.spring.SqlSessionTemplate.selectOne(SqlSessionTemplate.java:166)
	at org.apache.ibatis.binding.MapperMethod.execute(MapperMethod.java:82)
	at org.apache.ibatis.binding.MapperProxy.invoke(MapperProxy.java:59)
	at com.sun.proxy.$Proxy31.selectOne(Unknown Source)
	at JunitTest.testName(JunitTest.java:64)
	at sun.reflect.NativeMethodAccessorImpl.invoke0(Native Method)
	at sun.reflect.NativeMethodAccessorImpl.invoke(NativeMethodAccessorImpl.java:62)
	at sun.reflect.DelegatingMethodAccessorImpl.invoke(DelegatingMethodAccessorImpl.java:43)
	at java.lang.reflect.Method.invoke(Method.java:498)
	at org.junit.runners.model.FrameworkMethod$1.runReflectiveCall(FrameworkMethod.java:50)
	at org.junit.internal.runners.model.ReflectiveCallable.run(ReflectiveCallable.java:12)
	at org.junit.runners.model.FrameworkMethod.invokeExplosively(FrameworkMethod.java:47)
	at org.junit.internal.runners.statements.InvokeMethod.evaluate(InvokeMethod.java:17)
	at org.springframework.test.context.junit4.statements.RunBeforeTestMethodCallbacks.evaluate(RunBeforeTestMethodCallbacks.java:75)
	at org.springframework.test.context.junit4.statements.RunAfterTestMethodCallbacks.evaluate(RunAfterTestMethodCallbacks.java:86)
	at org.springframework.test.context.junit4.statements.SpringRepeat.evaluate(SpringRepeat.java:84)
	at org.junit.runners.ParentRunner.runLeaf(ParentRunner.java:325)
	at org.springframework.test.context.junit4.SpringJUnit4ClassRunner.runChild(SpringJUnit4ClassRunner.java:252)
	at org.springframework.test.context.junit4.SpringJUnit4ClassRunner.runChild(SpringJUnit4ClassRunner.java:94)
	at org.junit.runners.ParentRunner$3.run(ParentRunner.java:290)
	at org.junit.runners.ParentRunner$1.schedule(ParentRunner.java:71)
	at org.junit.runners.ParentRunner.runChildren(ParentRunner.java:288)
	at org.junit.runners.ParentRunner.access$000(ParentRunner.java:58)
	at org.junit.runners.ParentRunner$2.evaluate(ParentRunner.java:268)
	at org.springframework.test.context.junit4.statements.RunBeforeTestClassCallbacks.evaluate(RunBeforeTestClassCallbacks.java:61)
	at org.springframework.test.context.junit4.statements.RunAfterTestClassCallbacks.evaluate(RunAfterTestClassCallbacks.java:70)
	at org.junit.runners.ParentRunner.run(ParentRunner.java:363)
	at org.springframework.test.context.junit4.SpringJUnit4ClassRunner.run(SpringJUnit4ClassRunner.java:191)
	at org.apache.maven.surefire.junit4.JUnit4Provider.execute(JUnit4Provider.java:252)
	at org.apache.maven.surefire.junit4.JUnit4Provider.executeTestSet(JUnit4Provider.java:141)
	at org.apache.maven.surefire.junit4.JUnit4Provider.invoke(JUnit4Provider.java:112)
	at sun.reflect.NativeMethodAccessorImpl.invoke0(Native Method)
	at sun.reflect.NativeMethodAccessorImpl.invoke(NativeMethodAccessorImpl.java:62)
	at sun.reflect.DelegatingMethodAccessorImpl.invoke(DelegatingMethodAccessorImpl.java:43)
	at java.lang.reflect.Method.invoke(Method.java:498)
	at org.apache.maven.surefire.util.ReflectionUtils.invokeMethodWithArray(ReflectionUtils.java:189)
	at org.apache.maven.surefire.booter.ProviderFactory$ProviderProxy.invoke(ProviderFactory.java:165)
	at org.apache.maven.surefire.booter.ProviderFactory.invokeProvider(ProviderFactory.java:85)
	at org.apache.maven.surefire.booter.ForkedBooter.runSuitesInProcess(ForkedBooter.java:115)
	at org.apache.maven.surefire.booter.ForkedBooter.main(ForkedBooter.java:75)
Caused by: org.apache.ibatis.builder.BuilderException: Error evaluating expression &apos;ew.user_id!=null&apos;. Cause: org.apache.ibatis.ognl.NoSuchPropertyException: com.blog.entity.UserEntity.user_id
	at org.apache.ibatis.scripting.xmltags.OgnlCache.getValue(OgnlCache.java:46)
	at org.apache.ibatis.scripting.xmltags.ExpressionEvaluator.evaluateBoolean(ExpressionEvaluator.java:32)
	at org.apache.ibatis.scripting.xmltags.IfSqlNode.apply(IfSqlNode.java:34)
	at org.apache.ibatis.scripting.xmltags.MixedSqlNode.apply(MixedSqlNode.java:33)
	at org.apache.ibatis.scripting.xmltags.TrimSqlNode.apply(TrimSqlNode.java:55)
	at org.apache.ibatis.scripting.xmltags.MixedSqlNode.apply(MixedSqlNode.java:33)
	at org.apache.ibatis.scripting.xmltags.DynamicSqlSource.getBoundSql(DynamicSqlSource.java:41)
	at org.apache.ibatis.mapping.MappedStatement.getBoundSql(MappedStatement.java:292)
	at org.apache.ibatis.executor.CachingExecutor.query(CachingExecutor.java:81)
	at org.apache.ibatis.session.defaults.DefaultSqlSession.selectList(DefaultSqlSession.java:148)
	at org.apache.ibatis.session.defaults.DefaultSqlSession.selectList(DefaultSqlSession.java:141)
	at org.apache.ibatis.session.defaults.DefaultSqlSession.selectOne(DefaultSqlSession.java:77)
	at sun.reflect.NativeMethodAccessorImpl.invoke0(Native Method)
	at sun.reflect.NativeMethodAccessorImpl.invoke(NativeMethodAccessorImpl.java:62)
	at sun.reflect.DelegatingMethodAccessorImpl.invoke(DelegatingMethodAccessorImpl.java:43)
	at java.lang.reflect.Method.invoke(Method.java:498)
	at org.mybatis.spring.SqlSessionTemplate$SqlSessionInterceptor.invoke(SqlSessionTemplate.java:433)
	... 41 more
Caused by: org.apache.ibatis.ognl.NoSuchPropertyException: com.blog.entity.UserEntity.user_id
	at org.apache.ibatis.ognl.ObjectPropertyAccessor.getProperty(ObjectPropertyAccessor.java:151)
	at org.apache.ibatis.ognl.OgnlRuntime.getProperty(OgnlRuntime.java:2671)
	at org.apache.ibatis.ognl.ASTProperty.getValueBody(ASTProperty.java:114)
	at org.apache.ibatis.ognl.SimpleNode.evaluateGetValueBody(SimpleNode.java:212)
	at org.apache.ibatis.ognl.SimpleNode.getValue(SimpleNode.java:258)
	at org.apache.ibatis.ognl.ASTChain.getValueBody(ASTChain.java:141)
	at org.apache.ibatis.ognl.SimpleNode.evaluateGetValueBody(SimpleNode.java:212)
	at org.apache.ibatis.ognl.SimpleNode.getValue(SimpleNode.java:258)
	at org.apache.ibatis.ognl.ASTNotEq.getValueBody(ASTNotEq.java:50)
	at org.apache.ibatis.ognl.SimpleNode.evaluateGetValueBody(SimpleNode.java:212)
	at org.apache.ibatis.ognl.SimpleNode.getValue(SimpleNode.java:258)
	at org.apache.ibatis.ognl.Ognl.getValue(Ognl.java:470)
	at org.apache.ibatis.ognl.Ognl.getValue(Ognl.java:434)
	at org.apache.ibatis.scripting.xmltags.OgnlCache.getValue(OgnlCache.java:44)
	... 57 more
</error>
    <system-out>2018-05-28 17:04:22 -2287 [main] DEBUG   - Retrieved @ProfileValueSourceConfiguration [null] for test class [JunitTest]
2018-05-28 17:04:22 -2287 [main] DEBUG   - Retrieved ProfileValueSource type [class org.springframework.test.annotation.SystemProfileValueSource] for class [JunitTest]
2018-05-28 17:04:22 -2287 [main] DEBUG   - Performing dependency injection for test context [[DefaultTestContext@bd8db5a testClass = JunitTest, testInstance = JunitTest@66ce957f, testMethod = [null], testException = [null], mergedContextConfiguration = [MergedContextConfiguration@2f943d71 testClass = JunitTest, locations = &apos;{classpath:spring/spring.xml}&apos;, classes = &apos;{}&apos;, contextInitializerClasses = &apos;[]&apos;, activeProfiles = &apos;{}&apos;, propertySourceLocations = &apos;{}&apos;, propertySourceProperties = &apos;{}&apos;, contextCustomizers = set[[empty]], contextLoader = &apos;org.springframework.test.context.support.DelegatingSmartContextLoader&apos;, parent = [null]]]].
2018-05-28 17:04:22 -2288 [main] DEBUG   - Retrieved ApplicationContext from cache with key [[MergedContextConfiguration@2f943d71 testClass = JunitTest, locations = &apos;{classpath:spring/spring.xml}&apos;, classes = &apos;{}&apos;, contextInitializerClasses = &apos;[]&apos;, activeProfiles = &apos;{}&apos;, propertySourceLocations = &apos;{}&apos;, propertySourceProperties = &apos;{}&apos;, contextCustomizers = set[[empty]], contextLoader = &apos;org.springframework.test.context.support.DelegatingSmartContextLoader&apos;, parent = [null]]]
2018-05-28 17:04:22 -2288 [main] DEBUG   - Spring test ApplicationContext cache statistics: [DefaultContextCache@101639ae size = 1, maxSize = 32, parentContextCount = 0, hitCount = 1, missCount = 1]
2018-05-28 17:04:22 -2288 [main] DEBUG   - Processing injected element of bean &apos;JunitTest&apos;: AutowiredFieldElement for private com.blog.dao.UserDao JunitTest.ud
2018-05-28 17:04:22 -2288 [main] DEBUG   - Returning cached instance of singleton bean &apos;userDao&apos;
2018-05-28 17:04:22 -2288 [main] DEBUG   - Processing injected element of bean &apos;JunitTest&apos;: AutowiredFieldElement for private com.blog.dao.TagDao JunitTest.td
2018-05-28 17:04:22 -2289 [main] DEBUG   - Returning cached instance of singleton bean &apos;tagDao&apos;
2018-05-28 17:04:22 -2289 [main] DEBUG   - Processing injected element of bean &apos;JunitTest&apos;: AutowiredFieldElement for private com.blog.dao.PostTagDao JunitTest.ptd
2018-05-28 17:04:22 -2289 [main] DEBUG   - Returning cached instance of singleton bean &apos;postTagDao&apos;
2018-05-28 17:04:22 -2289 [main] DEBUG   - Processing injected element of bean &apos;JunitTest&apos;: AutowiredFieldElement for private com.blog.dao.PostDao JunitTest.pd
2018-05-28 17:04:22 -2289 [main] DEBUG   - Returning cached instance of singleton bean &apos;postDao&apos;
2018-05-28 17:04:22 -2290 [main] DEBUG   - Processing injected element of bean &apos;JunitTest&apos;: AutowiredFieldElement for private com.blog.dao.CommentDao JunitTest.cd
2018-05-28 17:04:22 -2290 [main] DEBUG   - Returning cached instance of singleton bean &apos;commentDao&apos;
2018-05-28 17:04:22 -2291 [main] DEBUG   - Before test method: context [DefaultTestContext@bd8db5a testClass = JunitTest, testInstance = JunitTest@66ce957f, testMethod = testName@JunitTest, testException = [null], mergedContextConfiguration = [MergedContextConfiguration@2f943d71 testClass = JunitTest, locations = &apos;{classpath:spring/spring.xml}&apos;, classes = &apos;{}&apos;, contextInitializerClasses = &apos;[]&apos;, activeProfiles = &apos;{}&apos;, propertySourceLocations = &apos;{}&apos;, propertySourceProperties = &apos;{}&apos;, contextCustomizers = set[[empty]], contextLoader = &apos;org.springframework.test.context.support.DelegatingSmartContextLoader&apos;, parent = [null]]], class annotated with @DirtiesContext [false] with mode [null], method annotated with @DirtiesContext [false] with mode [null].
2018-05-28 17:04:22 -2292 [main] DEBUG   - Creating a new SqlSession
2018-05-28 17:04:22 -2293 [main] DEBUG   - SqlSession [org.apache.ibatis.session.defaults.DefaultSqlSession@55b5f5d2] was not registered for synchronization because synchronization is not active
2018-05-28 17:04:22 -2302 [main] DEBUG   - Closing non transactional SqlSession [org.apache.ibatis.session.defaults.DefaultSqlSession@55b5f5d2]
2018-05-28 17:04:22 -2303 [main] DEBUG   - After test method: context [DefaultTestContext@bd8db5a testClass = JunitTest, testInstance = JunitTest@66ce957f, testMethod = testName@JunitTest, testException = org.mybatis.spring.MyBatisSystemException: nested exception is org.apache.ibatis.builder.BuilderException: Error evaluating expression &apos;ew.user_id!=null&apos;. Cause: org.apache.ibatis.ognl.NoSuchPropertyException: com.blog.entity.UserEntity.user_id, mergedContextConfiguration = [MergedContextConfiguration@2f943d71 testClass = JunitTest, locations = &apos;{classpath:spring/spring.xml}&apos;, classes = &apos;{}&apos;, contextInitializerClasses = &apos;[]&apos;, activeProfiles = &apos;{}&apos;, propertySourceLocations = &apos;{}&apos;, propertySourceProperties = &apos;{}&apos;, contextCustomizers = set[[empty]], contextLoader = &apos;org.springframework.test.context.support.DelegatingSmartContextLoader&apos;, parent = [null]]], class annotated with @DirtiesContext [false] with mode [null], method annotated with @DirtiesContext [false] with mode [null].
</system-out>
  </testcase>
</testsuite>